<?xml version="1.0" encoding="UTF-8"?>
<testsuite name="tests.ApiTestsModel" tests="1" skipped="0" failures="0" errors="0" timestamp="2024-02-01T00:32:06" hostname="DESKTOP-6725RU0" time="1.383">
  <properties/>
  <testcase name="Create new user" classname="tests.ApiTestsModel" time="1.383"/>
  <system-out><![CDATA[Request method:	POST
Request URI:	https://reqres.in/api/users
Proxy:			<none>
Request params:	<none>
Query params:	<none>
Form params:	<none>
Path params:	<none>
Headers:		Accept=*/*
				Content-Type=application/json
Cookies:		<none>
Multiparts:		<none>
Body:
{
    "name": "Dmitrii",
    "job": "Engineer"
}
HTTP/1.1 201 Created
Date: Thu, 01 Feb 2024 00:32:10 GMT
Content-Type: application/json; charset=utf-8
Content-Length: 85
Connection: keep-alive
Report-To: {"group":"heroku-nel","max_age":3600,"endpoints":[{"url":"https://nel.heroku.com/reports?ts=1706747530&sid=c4c9725f-1ab0-44d8-820f-430df2718e11&s=gU%2BJgBmGUT1u51UaL5ylUHVgV6dTaHfJx3n6cejCo9c%3D"}]}
Reporting-Endpoints: heroku-nel=https://nel.heroku.com/reports?ts=1706747530&sid=c4c9725f-1ab0-44d8-820f-430df2718e11&s=gU%2BJgBmGUT1u51UaL5ylUHVgV6dTaHfJx3n6cejCo9c%3D
Nel: {"report_to":"heroku-nel","max_age":3600,"success_fraction":0.005,"failure_fraction":0.05,"response_headers":["Via"]}
X-Powered-By: Express
Access-Control-Allow-Origin: *
Etag: W/"55-BY8vQ2FBXn3M2AhJX0hKDJCJpLE"
Via: 1.1 vegur
CF-Cache-Status: DYNAMIC
Server: cloudflare
CF-RAY: 84e6187f1bbb5acd-VIE

{
    "name": "Dmitrii",
    "job": "Engineer",
    "id": "143",
    "createdAt": "2024-02-01T00:32:10.182Z"
}
]]></system-out>
  <system-err><![CDATA[]]></system-err>
</testsuite>
